# JRE version: Java(TM) SE Runtime Environment (8.0_20-b26) (build 1.8.0_20-b26)
# Java VM: Java HotSpot(TM) 64-Bit Server VM (25.20-b23 mixed mode windows-amd64 compressed oops)
Heap:
 PSYoungGen      total 146432K, used 92899K [0x00000000d8380000, 0x00000000e2c00000, 0x0000000100000000)
  eden space 122368K, 64% used [0x00000000d8380000,0x00000000dd006a08,0x00000000dfb00000)
  from space 24064K, 60% used [0x00000000e1280000,0x00000000e20b2438,0x00000000e2a00000)
  to   space 24064K, 0% used [0x00000000dfb00000,0x00000000dfb00000,0x00000000e1280000)
 ParOldGen       total 61952K, used 39369K [0x0000000088a00000, 0x000000008c680000, 0x00000000d8380000)
  object space 61952K, 63% used [0x0000000088a00000,0x000000008b0725b8,0x000000008c680000)
 Metaspace       used 28881K, capacity 29556K, committed 29824K, reserved 1075200K
  class space    used 3421K, capacity 3591K, committed 3712K, reserved 1048576K
GC Heap History (10 events):
Event: 4.101 GC heap before
{Heap before GC invocations=9 (full 1):
 PSYoungGen      total 66560K, used 66558K [0x00000000d8380000, 0x00000000df600000, 0x0000000100000000)
  eden space 53248K, 100% used [0x00000000d8380000,0x00000000db780000,0x00000000db780000)
  from space 13312K, 99% used [0x00000000db780000,0x00000000dc47f9d8,0x00000000dc480000)
  to   space 15872K, 0% used [0x00000000de680000,0x00000000de680000,0x00000000df600000)
 ParOldGen       total 61952K, used 20441K [0x0000000088a00000, 0x000000008c680000, 0x00000000d8380000)
  object space 61952K, 32% used [0x0000000088a00000,0x0000000089df64c0,0x000000008c680000)
 Metaspace       used 28833K, capacity 29428K, committed 29824K, reserved 1075200K
  class space    used 3417K, capacity 3591K, committed 3712K, reserved 1048576K
Event: 4.116 GC heap after
Heap after GC invocations=9 (full 1):
 PSYoungGen      total 97792K, used 15847K [0x00000000d8380000, 0x00000000e0300000, 0x0000000100000000)
  eden space 81920K, 0% used [0x00000000d8380000,0x00000000d8380000,0x00000000dd380000)
  from space 15872K, 99% used [0x00000000de680000,0x00000000df5f9ef8,0x00000000df600000)
  to   space 19456K, 0% used [0x00000000dd380000,0x00000000dd380000,0x00000000de680000)
 ParOldGen       total 61952K, used 23407K [0x0000000088a00000, 0x000000008c680000, 0x00000000d8380000)
  object space 61952K, 37% used [0x0000000088a00000,0x000000008a0dbcb0,0x000000008c680000)
 Metaspace       used 28833K, capacity 29428K, committed 29824K, reserved 1075200K
  class space    used 3417K, capacity 3591K, committed 3712K, reserved 1048576K
}
Event: 4.335 GC heap before
{Heap before GC invocations=10 (full 1):
 PSYoungGen      total 97792K, used 97767K [0x00000000d8380000, 0x00000000e0300000, 0x0000000100000000)
  eden space 81920K, 100% used [0x00000000d8380000,0x00000000dd380000,0x00000000dd380000)
  from space 15872K, 99% used [0x00000000de680000,0x00000000df5f9ef8,0x00000000df600000)
  to   space 19456K, 0% used [0x00000000dd380000,0x00000000dd380000,0x00000000de680000)
 ParOldGen       total 61952K, used 23407K [0x0000000088a00000, 0x000000008c680000, 0x00000000d8380000)
  object space 61952K, 37% used [0x0000000088a00000,0x000000008a0dbcb0,0x000000008c680000)
 Metaspace       used 28839K, capacity 29492K, committed 29824K, reserved 1075200K
  class space    used 3417K, capacity 3591K, committed 3712K, reserved 1048576K
Event: 4.371 GC heap after
Heap after GC invocations=10 (full 1):
 PSYoungGen      total 101376K, used 19027K [0x00000000d8380000, 0x00000000e0300000, 0x0000000100000000)
  eden space 81920K, 0% used [0x00000000d8380000,0x00000000d8380000,0x00000000dd380000)
  from space 19456K, 97% used [0x00000000dd380000,0x00000000de614c60,0x00000000de680000)
  to   space 15872K, 0% used [0x00000000de680000,0x00000000de680000,0x00000000df600000)
 ParOldGen       total 61952K, used 28474K [0x0000000088a00000, 0x000000008c680000, 0x00000000d8380000)
  object space 61952K, 45% used [0x0000000088a00000,0x000000008a5ce800,0x000000008c680000)
 Metaspace       used 28839K, capacity 29492K, committed 29824K, reserved 1075200K
  class space    used 3417K, capacity 3591K, committed 3712K, reserved 1048576K
}
Event: 4.556 GC heap before
{Heap before GC invocations=11 (full 1):
 PSYoungGen      total 101376K, used 100947K [0x00000000d8380000, 0x00000000e0300000, 0x0000000100000000)
  eden space 81920K, 100% used [0x00000000d8380000,0x00000000dd380000,0x00000000dd380000)
  from space 19456K, 97% used [0x00000000dd380000,0x00000000de614c60,0x00000000de680000)
  to   space 15872K, 0% used [0x00000000de680000,0x00000000de680000,0x00000000df600000)
 ParOldGen       total 61952K, used 28474K [0x0000000088a00000, 0x000000008c680000, 0x00000000d8380000)
  object space 61952K, 45% used [0x0000000088a00000,0x000000008a5ce800,0x000000008c680000)
 Metaspace       used 28848K, capacity 29492K, committed 29824K, reserved 1075200K
  class space    used 3417K, capacity 3591K, committed 3712K, reserved 1048576K
Event: 4.578 GC heap after
Heap after GC invocations=11 (full 1):
 PSYoungGen      total 97792K, used 15858K [0x00000000d8380000, 0x00000000e0300000, 0x0000000100000000)
  eden space 81920K, 0% used [0x00000000d8380000,0x00000000d8380000,0x00000000dd380000)
  from space 15872K, 99% used [0x00000000de680000,0x00000000df5fca90,0x00000000df600000)
  to   space 19456K, 0% used [0x00000000dd380000,0x00000000dd380000,0x00000000de680000)
 ParOldGen       total 61952K, used 34125K [0x0000000088a00000, 0x000000008c680000, 0x00000000d8380000)
  object space 61952K, 55% used [0x0000000088a00000,0x000000008ab53770,0x000000008c680000)
 Metaspace       used 28848K, capacity 29492K, committed 29824K, reserved 1075200K
  class space    used 3417K, capacity 3591K, committed 3712K, reserved 1048576K
}
Event: 4.740 GC heap before
{Heap before GC invocations=12 (full 1):
 PSYoungGen      total 97792K, used 97778K [0x00000000d8380000, 0x00000000e0300000, 0x0000000100000000)
  eden space 81920K, 100% used [0x00000000d8380000,0x00000000dd380000,0x00000000dd380000)
  from space 15872K, 99% used [0x00000000de680000,0x00000000df5fca90,0x00000000df600000)
  to   space 19456K, 0% used [0x00000000dd380000,0x00000000dd380000,0x00000000de680000)
 ParOldGen       total 61952K, used 34125K [0x0000000088a00000, 0x000000008c680000, 0x00000000d8380000)
  object space 61952K, 55% used [0x0000000088a00000,0x000000008ab53770,0x000000008c680000)
 Metaspace       used 28848K, capacity 29492K, committed 29824K, reserved 1075200K
  class space    used 3417K, capacity 3591K, committed 3712K, reserved 1048576K
Event: 4.751 GC heap after
Heap after GC invocations=12 (full 1):
 PSYoungGen      total 101376K, used 14166K [0x00000000d8380000, 0x00000000e2a00000, 0x0000000100000000)
  eden space 81920K, 0% used [0x00000000d8380000,0x00000000d8380000,0x00000000dd380000)
  from space 19456K, 72% used [0x00000000dd380000,0x00000000de155a18,0x00000000de680000)
  to   space 24064K, 0% used [0x00000000e1280000,0x00000000e1280000,0x00000000e2a00000)
 ParOldGen       total 61952K, used 37342K [0x0000000088a00000, 0x000000008c680000, 0x00000000d8380000)
  object space 61952K, 60% used [0x0000000088a00000,0x000000008ae77b60,0x000000008c680000)
 Metaspace       used 28848K, capacity 29492K, committed 29824K, reserved 1075200K
  class space    used 3417K, capacity 3591K, committed 3712K, reserved 1048576K
}
Event: 4.909 GC heap before
{Heap before GC invocations=13 (full 1):
 PSYoungGen      total 101376K, used 96086K [0x00000000d8380000, 0x00000000e2a00000, 0x0000000100000000)
  eden space 81920K, 100% used [0x00000000d8380000,0x00000000dd380000,0x00000000dd380000)
  from space 19456K, 72% used [0x00000000dd380000,0x00000000de155a18,0x00000000de680000)
  to   space 24064K, 0% used [0x00000000e1280000,0x00000000e1280000,0x00000000e2a00000)
 ParOldGen       total 61952K, used 37342K [0x0000000088a00000, 0x000000008c680000, 0x00000000d8380000)
  object space 61952K, 60% used [0x0000000088a00000,0x000000008ae77b60,0x000000008c680000)
 Metaspace       used 28860K, capacity 29492K, committed 29824K, reserved 1075200K
  class space    used 3419K, capacity 3591K, committed 3712K, reserved 1048576K
Event: 4.938 GC heap after
Heap after GC invocations=13 (full 1):
 PSYoungGen      total 146432K, used 14537K [0x00000000d8380000, 0x00000000e2c00000, 0x0000000100000000)
  eden space 122368K, 0% used [0x00000000d8380000,0x00000000d8380000,0x00000000dfb00000)
  from space 24064K, 60% used [0x00000000e1280000,0x00000000e20b2438,0x00000000e2a00000)
  to   space 24064K, 0% used [0x00000000dfb00000,0x00000000dfb00000,0x00000000e1280000)
 ParOldGen       total 61952K, used 39369K [0x0000000088a00000, 0x000000008c680000, 0x00000000d8380000)
  object space 61952K, 63% used [0x0000000088a00000,0x000000008b0725b8,0x000000008c680000)
 Metaspace       used 28860K, capacity 29492K, committed 29824K, reserved 1075200K
  class space    used 3419K, capacity 3591K, committed 3712K, reserved 1048576K
}

